[      88ms] [INFO] %cDownload the React DevTools for a better development experience: https://react.dev/link/react-devtools font-weight:bold @ http://localhost:5173/@fs/Users/bensmith/development/whisper-dictation-v6/node_modules/.vite/deps/react-dom_client.js?v=bf626a13:20102
[     100ms] TypeError: Cannot read properties of undefined (reading 'on')
    at http://localhost:5173/src/App.tsx:313:38
    at Object.react_stack_bottom_frame (http://localhost:5173/@fs/Users/bensmith/development/whisper-dictation-v6/node_modules/.vite/deps/react-dom_client.js?v=bf626a13:18567:20)
    at runWithFiberInDEV (http://localhost:5173/@fs/Users/bensmith/development/whisper-dictation-v6/node_modules/.vite/deps/react-dom_client.js?v=bf626a13:997:72)
    at commitHookEffectListMount (http://localhost:5173/@fs/Users/bensmith/development/whisper-dictation-v6/node_modules/.vite/deps/react-dom_client.js?v=bf626a13:9411:163)
    at commitHookPassiveMountEffects (http://localhost:5173/@fs/Users/bensmith/development/whisper-dictation-v6/node_modules/.vite/deps/react-dom_client.js?v=bf626a13:9465:60)
    at commitPassiveMountOnFiber (http://localhost:5173/@fs/Users/bensmith/development/whisper-dictation-v6/node_modules/.vite/deps/react-dom_client.js?v=bf626a13:11040:29)
    at recursivelyTraversePassiveMountEffects (http://localhost:5173/@fs/Users/bensmith/development/whisper-dictation-v6/node_modules/.vite/deps/react-dom_client.js?v=bf626a13:11010:13)
    at commitPassiveMountOnFiber (http://localhost:5173/@fs/Users/bensmith/development/whisper-dictation-v6/node_modules/.vite/deps/react-dom_client.js?v=bf626a13:11033:13)
    at recursivelyTraversePassiveMountEffects (http://localhost:5173/@fs/Users/bensmith/development/whisper-dictation-v6/node_modules/.vite/deps/react-dom_client.js?v=bf626a13:11010:13)
    at commitPassiveMountOnFiber (http://localhost:5173/@fs/Users/bensmith/development/whisper-dictation-v6/node_modules/.vite/deps/react-dom_client.js?v=bf626a13:11066:13)
[      99ms] [WARNING] %s

%s
 An error occurred in the <DictationApp> component. Consider adding an error boundary to your tree to customize error handling behavior.
Visit https://react.dev/link/error-boundaries to learn more about error boundaries. @ http://localhost:5173/@fs/Users/bensmith/development/whisper-dictation-v6/node_modules/.vite/deps/react-dom_client.js?v=bf626a13:6965
[     105ms] [ERROR] Failed to load resource: the server responded with a status of 404 (Not Found) @ http://localhost:5173/favicon.ico:0
[  429978ms] [LOG] [vite] server connection lost. Polling for restart... @ http://localhost:5173/@vite/client:864
[  435157ms] [INFO] %cDownload the React DevTools for a better development experience: https://react.dev/link/react-devtools font-weight:bold @ http://localhost:5173/@fs/Users/bensmith/development/whisper-dictation-v6/node_modules/.vite/deps/react-dom_client.js?v=bf626a13:20102
[  435164ms] TypeError: Cannot read properties of undefined (reading 'on')
    at http://localhost:5173/src/App.tsx:313:38
    at Object.react_stack_bottom_frame (http://localhost:5173/@fs/Users/bensmith/development/whisper-dictation-v6/node_modules/.vite/deps/react-dom_client.js?v=bf626a13:18567:20)
    at runWithFiberInDEV (http://localhost:5173/@fs/Users/bensmith/development/whisper-dictation-v6/node_modules/.vite/deps/react-dom_client.js?v=bf626a13:997:72)
    at commitHookEffectListMount (http://localhost:5173/@fs/Users/bensmith/development/whisper-dictation-v6/node_modules/.vite/deps/react-dom_client.js?v=bf626a13:9411:163)
    at commitHookPassiveMountEffects (http://localhost:5173/@fs/Users/bensmith/development/whisper-dictation-v6/node_modules/.vite/deps/react-dom_client.js?v=bf626a13:9465:60)
    at commitPassiveMountOnFiber (http://localhost:5173/@fs/Users/bensmith/development/whisper-dictation-v6/node_modules/.vite/deps/react-dom_client.js?v=bf626a13:11040:29)
    at recursivelyTraversePassiveMountEffects (http://localhost:5173/@fs/Users/bensmith/development/whisper-dictation-v6/node_modules/.vite/deps/react-dom_client.js?v=bf626a13:11010:13)
    at commitPassiveMountOnFiber (http://localhost:5173/@fs/Users/bensmith/development/whisper-dictation-v6/node_modules/.vite/deps/react-dom_client.js?v=bf626a13:11033:13)
    at recursivelyTraversePassiveMountEffects (http://localhost:5173/@fs/Users/bensmith/development/whisper-dictation-v6/node_modules/.vite/deps/react-dom_client.js?v=bf626a13:11010:13)
    at commitPassiveMountOnFiber (http://localhost:5173/@fs/Users/bensmith/development/whisper-dictation-v6/node_modules/.vite/deps/react-dom_client.js?v=bf626a13:11066:13)
[  435164ms] [WARNING] %s

%s
 An error occurred in the <DictationApp> component. Consider adding an error boundary to your tree to customize error handling behavior.
Visit https://react.dev/link/error-boundaries to learn more about error boundaries. @ http://localhost:5173/@fs/Users/bensmith/development/whisper-dictation-v6/node_modules/.vite/deps/react-dom_client.js?v=bf626a13:6965
