{"timestamp":"2026-04-11T03:57:48.242Z","sessionId":"b8c295a5-5a63-49e4-9835-f771053baf98","action":"window_info","command":"1cf41c4d137592d45673cdbcf50d0862:970dde5d83d3952e978e796610d434ec","riskLevel":"low","success":true,"executionTime":1}
{"timestamp":"2026-04-11T05:51:38.705Z","sessionId":"931bcc8f-40b2-42f6-8dbe-589897bd8125","action":"window_info","command":"7e8fbe8ef0de3299aed97b3c6d52c3af:6df7df7aef4dde5e0569eb6b4199751d","riskLevel":"low","success":true,"executionTime":1}
{"timestamp":"2026-04-11T05:52:35.420Z","sessionId":"f8bac52e-655b-46df-89a5-3c051072340c","action":"window_info","command":"5534e3403b6be83d9000f8bd074c3208:a2e40741e25aab7e0b7fc89d1dd303f6","riskLevel":"low","success":true,"executionTime":1}
{"timestamp":"2026-04-11T05:53:37.852Z","sessionId":"bb3d12f1-fb95-4537-be25-323501be42dd","action":"window_info","command":"b6199de9eca9840d9b3c3074a734f0ad:de5583468a80b5f7bf690bec442802bf","riskLevel":"low","success":true,"executionTime":0}
{"timestamp":"2026-04-11T05:53:52.640Z","sessionId":"e954b4f5-2765-46ba-ad6c-3c4de3eebd8d","action":"command","command":"52838e7b00a328b1185e7293cce37cf7:e2db096dc303a0fd7250accb94d893ef","riskLevel":"low","success":true,"executionTime":0}
{"timestamp":"2026-04-11T05:54:10.756Z","sessionId":"bd437870-a3c8-4a8c-b6b7-35505789470c","action":"command","command":"e26847f3f496cd839d71ccb6c8f59ebd:31179af4ad49bc09211e57bdd634ac18","riskLevel":"low","success":true,"executionTime":1}
{"timestamp":"2026-04-11T05:54:44.984Z","sessionId":"024fb0aa-5b89-45cb-818d-7ad064739bf7","action":"command","command":"b4114886c3a42cfd112e48adf2206ace:22af17e84e4e48e5a1275a70b49ae790","riskLevel":"low","success":true,"executionTime":0}
{"timestamp":"2026-04-11T05:54:59.744Z","sessionId":"cc6f5c3b-6db6-4d17-b97b-231bba978d1a","action":"command","command":"88b2b39e11d595416e5c7713f65192eb:721158a45fb749ddf47b99c06d2d435b","riskLevel":"low","success":true,"executionTime":1}
{"timestamp":"2026-04-11T05:55:21.208Z","sessionId":"62ad2a7f-44b4-4e50-9d69-946324be8223","action":"command","command":"20cdc4690760b76e057c1a4cd31cf9d0:71ee6b53717f7feeeac4206eb3f24b40","riskLevel":"low","success":true,"executionTime":0}
{"timestamp":"2026-04-11T05:55:31.636Z","sessionId":"6cbdf6d5-c358-41bb-ace3-9ae836b903e7","action":"command","command":"9326219d477c8e774f3251193ead950f:756916cb4268aa072b9c6dea338ec1fc","riskLevel":"low","success":true,"executionTime":0}
{"timestamp":"2026-04-11T05:56:19.373Z","sessionId":"38de0c9a-e478-407c-bdff-cc74c970137e","action":"command","command":"db5a2fc0c03140d01653d3429f278f0b:e0e89f39de9d3f5c88e598fbca332efc","riskLevel":"low","success":true,"executionTime":1}
{"timestamp":"2026-04-11T05:56:32.480Z","sessionId":"b5e8531a-5ed6-40b0-b601-e9f13c8b1e9b","action":"command","command":"891e3699bab0b256dcca4c155947c920:a8de34bf2867ad11680b8fa50f649aba","riskLevel":"low","success":true,"executionTime":0}
{"timestamp":"2026-04-11T05:56:56.832Z","sessionId":"1321579d-c485-421e-9e57-4ce1c2118c92","action":"command","command":"1965bc1dfca3c4d94d195f361b8fd577:e02d57b9a97beed99d4a9dfdabf867c2","riskLevel":"low","success":true,"executionTime":0}
{"timestamp":"2026-04-11T05:57:10.752Z","sessionId":"44220194-96fe-4ffc-b71e-b321bc9a458e","action":"screenshot","command":"8078365cd1615e8b7ed53cd5e60792da:4d63df0c9580e55ee42fef1f32f612d9","riskLevel":"low","success":true,"executionTime":1}
{"timestamp":"2026-04-11T05:57:26.849Z","sessionId":"9490585f-6706-4dde-88e8-1a5db29fc0da","action":"screenshot","command":"3396c0b15908e45ea9ca204bcc11dd78:70baf7caaafea1f392a06c5e2a25ab5d","riskLevel":"low","success":true,"executionTime":1}
{"timestamp":"2026-04-11T22:36:45.840Z","sessionId":"1d29b80f-7592-42e7-b565-b5502a43ae39","action":"window_info","command":"53fcd07b4363f31cfeb29a7cc152bebd:996fe9f8fe8d9d9acb16a4d2e75a9bb3","riskLevel":"low","success":true,"executionTime":1}
{"timestamp":"2026-04-11T22:37:12.586Z","sessionId":"db6a7987-0ed7-4725-861f-4b44b8cdffd6","action":"window_info","command":"00ff2682574d2e828daa9426981a48ee:90fbefbb91b09a1860fb488b5e822785","riskLevel":"low","success":true,"executionTime":1}
{"timestamp":"2026-04-11T22:37:19.253Z","sessionId":"ee9474fc-731f-46ac-ac23-9c88141b4a24","action":"command","command":"b7cdd78c02ef24b57df2a7e968e6fb07:8f4ffec49150962d3f684007d61873fc","riskLevel":"low","success":true,"executionTime":1}
{"timestamp":"2026-04-11T22:37:22.561Z","sessionId":"06645111-c35d-42f5-acff-bea4307e0ccf","action":"command","command":"354a21fce321366ebf37444cb46654c5:c8c9f733a38a5dcc53dfbf22dad602bd","riskLevel":"low","success":true,"executionTime":1}
{"timestamp":"2026-04-11T22:37:26.524Z","sessionId":"39512b36-e9ac-452c-b4ee-cef6d63081e4","action":"command","command":"815d0701d5fc78fb1863d159d9755478:9f347ed301645504709ea90d2eba37e6","riskLevel":"low","success":true,"executionTime":1}
{"timestamp":"2026-04-11T22:37:29.363Z","sessionId":"17bcc0f5-28dd-4534-ae66-c656a34de433","action":"command","command":"8f21f0fe548e9b1d09726353cdac73e6:b94e27cdd20470fa199b1f4b3c4e7d8e","riskLevel":"low","success":true,"executionTime":1}
{"timestamp":"2026-04-11T22:37:34.427Z","sessionId":"b6e3e388-2912-47b6-8fb2-9812288378a2","action":"command","command":"c09339acd967c1d54d8e0d7e0d4ad991:955f955577951fed47e35dfb600a0bda","riskLevel":"low","success":true,"executionTime":0}
{"timestamp":"2026-04-11T22:37:37.405Z","sessionId":"38b8f3d6-7e2b-4082-8194-d2f12e726f9c","action":"command","command":"8b2ee07bc6fe8563f3fa9642510927b1:07f553a2e3ff464e65d53053ce9c54ff","riskLevel":"low","success":true,"executionTime":1}
{"timestamp":"2026-04-11T22:37:43.906Z","sessionId":"0af3aa6c-0b93-467a-855e-ae696ef244e6","action":"command","command":"c31b4064cb7ae5c3ebb6aefa0b4cb476:043052253d0d8644eb6ef17a3b11749e","riskLevel":"low","success":true,"executionTime":0}
{"timestamp":"2026-04-11T22:37:46.932Z","sessionId":"af89e6b7-357e-41aa-a50a-bea0585e1232","action":"command","command":"d1ab9e9fec7c7bcce74a3a7078d5ba9b:2c9774299151fc5c61797e5daa69eadc","riskLevel":"low","success":true,"executionTime":0}
{"timestamp":"2026-04-11T22:38:13.036Z","sessionId":"1fb47d91-8507-4a21-8488-69868e04d95d","action":"command","command":"61847eea996518139aa1b3ce532a9e9c:de2bf6dd919068db7c3fc3542b06113e","riskLevel":"low","success":true,"executionTime":0}
{"timestamp":"2026-04-11T22:38:23.669Z","sessionId":"ea0340df-46df-450c-8914-aa082dd8b2f8","action":"command","command":"401bd99dd0fdc4a4d234e7296850273a:eb694bbd8ed04c5a09bb76d8019e0dde","riskLevel":"low","success":true,"executionTime":0}
{"timestamp":"2026-04-11T22:38:57.289Z","sessionId":"16677c14-6a77-4b43-9132-749602da8d13","action":"command","command":"485a2ecb2ec9247d642321c018459143:c370cea697639470a13889b0a8bd4a8e","riskLevel":"low","success":true,"executionTime":0}
{"timestamp":"2026-04-11T22:39:01.148Z","sessionId":"1fc37871-d577-4e45-bd9b-49dd1e648d5b","action":"command","command":"af5e5abab95c7beeb97faf0333f9ac99:00354f6c1107672f92dd02c4199c3bb2","riskLevel":"low","success":true,"executionTime":0}
{"timestamp":"2026-04-11T22:39:03.813Z","sessionId":"f2511548-dc29-4910-b661-940792a9fa3e","action":"command","command":"ea00c515bec257157191ceba5e3496a0:03c5bfffe4e763615c59623e5555757a","riskLevel":"low","success":true,"executionTime":0}
